Determining if the pthread_create exist failed with the following output:
Change Dir: /home/lujobi/Documents/coding/graphics/triangle/cmake-build-debug/CMakeFiles/CMakeTmp

Run Build Command:"/usr/bin/make" "cmTC_f126a/fast"
/usr/bin/make -f CMakeFiles/cmTC_f126a.dir/build.make CMakeFiles/cmTC_f126a.dir/build
make[1]: Entering directory '/home/lujobi/Documents/coding/graphics/triangle/cmake-build-debug/CMakeFiles/CMakeTmp'
Building C object CMakeFiles/cmTC_f126a.dir/CheckSymbolExists.c.o
/usr/bin/cc    -o CMakeFiles/cmTC_f126a.dir/CheckSymbolExists.c.o   -c /home/lujobi/Documents/coding/graphics/triangle/cmake-build-debug/CMakeFiles/CMakeTmp/CheckSymbolExists.c
Linking C executable cmTC_f126a
/home/lujobi/.local/share/JetBrains/Toolbox/apps/CLion/ch-0/183.5153.40/bin/cmake/linux/bin/cmake -E cmake_link_script CMakeFiles/cmTC_f126a.dir/link.txt --verbose=1
/usr/bin/cc      -rdynamic CMakeFiles/cmTC_f126a.dir/CheckSymbolExists.c.o  -o cmTC_f126a 
/usr/bin/ld: CMakeFiles/cmTC_f126a.dir/CheckSymbolExists.c.o: in function `main':
CheckSymbolExists.c:(.text+0x1b): undefined reference to `pthread_create'
collect2: error: ld returned 1 exit status
make[1]: *** [CMakeFiles/cmTC_f126a.dir/build.make:87: cmTC_f126a] Error 1
make[1]: Leaving directory '/home/lujobi/Documents/coding/graphics/triangle/cmake-build-debug/CMakeFiles/CMakeTmp'
make: *** [Makefile:121: cmTC_f126a/fast] Error 2

File /home/lujobi/Documents/coding/graphics/triangle/cmake-build-debug/CMakeFiles/CMakeTmp/CheckSymbolExists.c:
/* */
#include <pthread.h>

int main(int argc, char** argv)
{
  (void)argv;
#ifndef pthread_create
  return ((int*)(&pthread_create))[argc];
#else
  (void)argc;
  return 0;
#endif
}

Determining if the function pthread_create exists in the pthreads failed with the following output:
Change Dir: /home/lujobi/Documents/coding/graphics/triangle/cmake-build-debug/CMakeFiles/CMakeTmp

Run Build Command:"/usr/bin/make" "cmTC_fc781/fast"
/usr/bin/make -f CMakeFiles/cmTC_fc781.dir/build.make CMakeFiles/cmTC_fc781.dir/build
make[1]: Entering directory '/home/lujobi/Documents/coding/graphics/triangle/cmake-build-debug/CMakeFiles/CMakeTmp'
Building C object CMakeFiles/cmTC_fc781.dir/CheckFunctionExists.c.o
/usr/bin/cc   -DCHECK_FUNCTION_EXISTS=pthread_create   -o CMakeFiles/cmTC_fc781.dir/CheckFunctionExists.c.o   -c /home/lujobi/.local/share/JetBrains/Toolbox/apps/CLion/ch-0/183.5153.40/bin/cmake/linux/share/cmake-3.13/Modules/CheckFunctionExists.c
Linking C executable cmTC_fc781
/home/lujobi/.local/share/JetBrains/Toolbox/apps/CLion/ch-0/183.5153.40/bin/cmake/linux/bin/cmake -E cmake_link_script CMakeFiles/cmTC_fc781.dir/link.txt --verbose=1
/usr/bin/cc  -DCHECK_FUNCTION_EXISTS=pthread_create    -rdynamic CMakeFiles/cmTC_fc781.dir/CheckFunctionExists.c.o  -o cmTC_fc781 -lpthreads 
/usr/bin/ld: cannot find -lpthreads
collect2: error: ld returned 1 exit status
make[1]: *** [CMakeFiles/cmTC_fc781.dir/build.make:87: cmTC_fc781] Error 1
make[1]: Leaving directory '/home/lujobi/Documents/coding/graphics/triangle/cmake-build-debug/CMakeFiles/CMakeTmp'
make: *** [Makefile:121: cmTC_fc781/fast] Error 2


